<?xml version='1.0' encoding='UTF-8' ?>
<testsuite name="pt.aguiarvieira.andromuks.StartupBaselineProfile" tests="1" failures="1" errors="0" skipped="0" time="22.776" timestamp="2026-02-22T01:07:42" hostname="localhost">
  <properties>
    <property name="device" value="GM1901 - 16" />
    <property name="flavor" value="" />
    <property name="project" value=":baselineprofile" />
  </properties>
  <testcase name="generate" classname="pt.aguiarvieira.andromuks.StartupBaselineProfile" time="21.666">
    <failure>java.lang.IllegalStateException: Unable to confirm activity launch completion [] Please report a bug with the output of `adb shell dumpsys gfxinfo pt.aguiarvieira.andromuks framestats`
at androidx.benchmark.macro.MacrobenchmarkScope.startActivityImpl(MacrobenchmarkScope.kt:231)
at androidx.benchmark.macro.MacrobenchmarkScope.startActivityAndWait(MacrobenchmarkScope.kt:152)
at androidx.benchmark.macro.MacrobenchmarkScope.startActivityAndWait(MacrobenchmarkScope.kt:132)
at androidx.benchmark.macro.MacrobenchmarkScope.startActivityAndWait$default(MacrobenchmarkScope.kt:124)
at pt.aguiarvieira.andromuks.StartupBaselineProfile.generate$lambda$0(StartupBaselineProfile.kt:22)
at pt.aguiarvieira.andromuks.StartupBaselineProfile.$r8$lambda$x7PUQrQNwe4JME6GTK9j4ZyEqSE(Unknown Source:0)
at pt.aguiarvieira.andromuks.StartupBaselineProfile$$ExternalSyntheticLambda0.invoke(D8$$SyntheticClass:0)
at androidx.benchmark.macro.BaselineProfilesKt$collect$1$1.invoke(BaselineProfiles.kt:77)
at androidx.benchmark.macro.BaselineProfilesKt$collect$1$1.invoke(BaselineProfiles.kt:71)
at androidx.benchmark.macro.CompilationMode$Partial.compileImpl$benchmark_macro_release(CompilationMode.kt:318)
at androidx.benchmark.macro.CompilationMode.resetAndCompile$benchmark_macro_release(CompilationMode.kt:114)
at androidx.benchmark.macro.BaselineProfilesKt.collect(BaselineProfiles.kt:71)
at androidx.benchmark.macro.junit4.BaselineProfileRule.collect(BaselineProfileRule.kt:136)
at androidx.benchmark.macro.junit4.BaselineProfileRule.collect$default(BaselineProfileRule.kt:126)
at pt.aguiarvieira.andromuks.StartupBaselineProfile.generate(StartupBaselineProfile.kt:18)
</failure>
  </testcase>
</testsuite>